0 info it worked if it ends with ok
1 verbose cli [ '/usr/local/bin/node', '/usr/local/bin/npm', 'start' ]
2 info using npm@1.2.18
3 info using node@v0.10.5
4 verbose read json /home/lcozzani/apps/peopletourpeople/package.json
5 verbose run-script [ 'prestart', 'start', 'poststart' ]
6 info prestart peopletourpeople@0.0.1
7 info start peopletourpeople@0.0.1
8 verbose unsafe-perm in lifecycle true
9 silly exec sh "-c" "node app.js"
10 silly sh,-c,node app.js,/home/lcozzani/apps/peopletourpeople spawning
11 info peopletourpeople@0.0.1 Failed to exec start script
12 error peopletourpeople@0.0.1 start: `node app.js`
12 error `sh "-c" "node app.js"` failed with 8
13 error Failed at the peopletourpeople@0.0.1 start script.
13 error This is most likely a problem with the peopletourpeople package,
13 error not with npm itself.
13 error Tell the author that this fails on your system:
13 error     node app.js
13 error You can get their info via:
13 error     npm owner ls peopletourpeople
13 error There is likely additional logging output above.
14 error System Linux 2.6.32-279.19.1.el6.i686
15 error command "/usr/local/bin/node" "/usr/local/bin/npm" "start"
16 error cwd /home/lcozzani/apps/peopletourpeople
17 error node -v v0.10.5
18 error npm -v 1.2.18
19 error code ELIFECYCLE
20 verbose exit [ 1, true ]
